(1000, 3, 21) (1000,)
(1000, 1, 63) (1000,)
step: 100 , loss: 21.536314010620117
step: 200 , loss: 6.649056434631348
step: 300 , loss: 0.49626392126083374
step: 400 , loss: 0.1756402850151062
step: 500 , loss: 0.24493759870529175
step: 600 , loss: 0.28356286883354187
step: 700 , loss: 0.1201094314455986
step: 800 , loss: 0.13682077825069427
step: 900 , loss: 0.10594122856855392
step: 1000 , loss: 0.1486329436302185
step: 1100 , loss: 0.021080948412418365
step: 1200 , loss: 0.008070572279393673
step: 1300 , loss: 0.10004360973834991
step: 1400 , loss: 0.005840047728270292
step: 1500 , loss: 0.004801600240170956
step: 1600 , loss: 0.008944367058575153
step: 1700 , loss: 0.0009968045633286238
step: 1800 , loss: 0.004593714606016874
step: 1900 , loss: 0.0030017525423318148
step: 2000 , loss: 0.017605071887373924
step: 2100 , loss: 0.0005419191438704729
step: 2200 , loss: 0.00718116108328104
step: 2300 , loss: 0.024298015981912613
step: 2400 , loss: 0.00014315506268758327
step: 2500 , loss: 0.002851346507668495
step: 2600 , loss: 0.010922317393124104
step: 2700 , loss: 0.01368593331426382
step: 2800 , loss: 0.0006871811347082257
step: 2900 , loss: 0.00372552708722651
step: 3000 , loss: 0.0017136145615950227
step: 3100 , loss: 0.002794852713122964
step: 3200 , loss: 0.00101379188708961
step: 3300 , loss: 0.007141409907490015
step: 3400 , loss: 0.0016570199513807893
step: 3500 , loss: 0.0031987796537578106
step: 3600 , loss: 0.00044147486914880574
step: 3700 , loss: 0.00022802413150202483
step: 3800 , loss: 0.00011122599244117737
step: 3900 , loss: 0.0010532803134992719
step: 4000 , loss: 0.013381289318203926
step: 4100 , loss: 7.365135388681665e-05
step: 4200 , loss: 0.0020329803228378296
step: 4300 , loss: 0.0018748482689261436
step: 4400 , loss: 0.0009564459323883057
step: 4500 , loss: 0.0017109119798988104
step: 4600 , loss: 0.00014732059207744896
step: 4700 , loss: 0.001594942412339151
step: 4800 , loss: 8.810469444142655e-05
step: 4900 , loss: 0.00045796099584549665
step: 5000 , loss: 0.0005766441463492811
step: 5100 , loss: 4.3909814849030226e-05
step: 5200 , loss: 1.7928001398104243e-05
step: 5300 , loss: 0.0008938037208281457
step: 5400 , loss: 0.0012340772664174438
step: 5500 , loss: 0.0002292922290507704
step: 5600 , loss: 1.7729300452629104e-05
step: 5700 , loss: 0.023853277787566185
step: 5800 , loss: 0.0015918909339234233
step: 5900 , loss: 0.00038492667954415083
step: 6000 , loss: 2.0078841771464795e-05
step: 6100 , loss: 0.001477325800806284
step: 6200 , loss: 3.4078060707543045e-05
step: 6300 , loss: 0.0021227640099823475
step: 6400 , loss: 0.0024944236502051353
step: 6500 , loss: 0.0002728155523072928
step: 6600 , loss: 0.0024356823414564133
step: 6700 , loss: 1.884204834823322e-06
step: 6800 , loss: 5.8955589338438585e-05
step: 6900 , loss: 0.0013769237557426095
step: 7000 , loss: 0.0009572215494699776
step: 7100 , loss: 3.4209699606435606e-06
step: 7200 , loss: 1.2314797459112015e-05
step: 7300 , loss: 0.0004645753651857376
step: 7400 , loss: 0.004585903137922287
step: 7500 , loss: 1.3100789146847092e-05
step: 7600 , loss: 0.003198591060936451
step: 7700 , loss: 0.0005589319625869393
step: 7800 , loss: 1.5505138435401022e-05
step: 7900 , loss: 0.0005324938683770597
step: 8000 , loss: 9.00375671335496e-05
step: 8100 , loss: 7.297173578990623e-05
step: 8200 , loss: 0.00019659774261526763
step: 8300 , loss: 6.446137831517262e-06
step: 8400 , loss: 3.898617705999641e-06
step: 8500 , loss: 4.1901016629708465e-06
step: 8600 , loss: 2.073575842587161e-06
step: 8700 , loss: 7.232993084471673e-05
step: 8800 , loss: 2.5739600459928624e-06
step: 8900 , loss: 0.00929160788655281
step: 9000 , loss: 1.338487163593527e-05
step: 9100 , loss: 4.122941754758358e-05
step: 9200 , loss: 1.931945917021949e-06
step: 9300 , loss: 0.00014729946269653738
step: 9400 , loss: 0.011898481287062168
step: 9500 , loss: 2.3453809262719005e-05
step: 9600 , loss: 0.00010137850040337071
step: 9700 , loss: 8.595058716309723e-06
step: 9800 , loss: 3.360217306180857e-05
step: 9900 , loss: 2.592013515823055e-06
step: 10000 , loss: 0.00012715766206383705
-76.250656 -76.235886 -0.014770508
-76.250275 -76.23986 -0.010414124
-76.249855 -76.236984 -0.012870789
-76.25015 -76.23902 -0.011131287
-76.25043 -76.23816 -0.012268066
-76.25027 -76.239136 -0.011131287
-76.25012 -76.239586 -0.010536194
-76.24987 -76.23588 -0.01399231
-76.250244 -76.23913 -0.011116028
-76.25022 -76.239746 -0.010475159
-76.250015 -76.23494 -0.015075684
-76.25003 -76.23806 -0.01197052
-76.25018 -76.23964 -0.010543823
-76.25058 -76.23901 -0.011566162
-76.25026 -76.23983 -0.010429382
-76.25029 -76.23861 -0.011680603
-76.25014 -76.239586 -0.010551453
-76.25027 -76.23905 -0.01121521
-76.25035 -76.23868 -0.011672974
-76.25015 -76.23957 -0.01058197
-76.250275 -76.23841 -0.0118637085
-76.24981 -76.23533 -0.014480591
-76.25041 -76.23799 -0.012420654
-76.25011 -76.239265 -0.01084137
-76.25029 -76.240105 -0.010185242
-76.250084 -76.2394 -0.010681152
-76.2502 -76.23887 -0.011329651
-76.25008 -76.23702 -0.013053894
-76.25058 -76.23694 -0.013641357
-76.25025 -76.238045 -0.012207031
-76.25047 -76.23988 -0.0105896
-76.250404 -76.23834 -0.012062073
-76.24991 -76.23654 -0.013366699
-76.25032 -76.23988 -0.010437012
-76.25053 -76.23823 -0.012298584
-76.24985 -76.23632 -0.0135269165
-76.25037 -76.23942 -0.010948181
-76.25023 -76.23891 -0.0113220215
-76.25054 -76.236206 -0.014335632
-76.25059 -76.23857 -0.012016296
-76.25049 -76.23946 -0.011024475
-76.25032 -76.23698 -0.013343811
-76.250595 -76.23889 -0.011703491
-76.24993 -76.23709 -0.012840271
-76.25025 -76.240074 -0.010177612
-76.250244 -76.23923 -0.011016846
-76.25041 -76.239296 -0.011116028
-76.250435 -76.23971 -0.010726929
-76.25055 -76.239456 -0.01109314
-76.25061 -76.23889 -0.01171875
-76.250206 -76.23921 -0.0109939575
-76.25043 -76.23989 -0.010536194
-76.25017 -76.23745 -0.012718201
-76.250244 -76.239265 -0.010978699
-76.25032 -76.24004 -0.010276794
-76.2504 -76.240105 -0.010292053
-76.25041 -76.23904 -0.011375427
-76.249954 -76.23794 -0.012016296
-76.25829 -76.23332 -0.024971008
-76.25035 -76.239655 -0.010696411
-76.250305 -76.23883 -0.011474609
-76.25033 -76.24018 -0.010147095
-76.25046 -76.23943 -0.011024475
-76.250626 -76.234535 -0.016090393
-76.250305 -76.24015 -0.010154724
-76.25015 -76.23873 -0.011421204
-76.25046 -76.23791 -0.012550354
-76.25012 -76.23682 -0.013305664
-76.250336 -76.238625 -0.011711121
-76.250114 -76.23706 -0.013053894
-76.25025 -76.239815 -0.010437012
-76.25021 -76.23828 -0.011932373
-76.25052 -76.23871 -0.011810303
-76.2502 -76.2379 -0.012298584
-76.25 -76.23789 -0.012107849
-76.250595 -76.23861 -0.011985779
-76.25018 -76.23984 -0.010345459
-76.250046 -76.238846 -0.011199951
-76.2505 -76.23959 -0.010910034
-76.25021 -76.23832 -0.011894226
-76.25015 -76.238945 -0.011207581
-76.25055 -76.239265 -0.0112838745
-76.25026 -76.23998 -0.010276794
-76.25032 -76.23976 -0.010559082
-76.25043 -76.23929 -0.011138916
-76.25051 -76.239746 -0.010765076
-76.25037 -76.239845 -0.010520935
-76.25031 -76.2395 -0.010810852
-76.24992 -76.23718 -0.012741089
-76.25641 -76.23236 -0.024047852
-76.250656 -76.238495 -0.012161255
-76.25047 -76.238464 -0.012008667
-76.249916 -76.23638 -0.013534546
-76.24985 -76.2312 -0.01864624
-76.2504 -76.237526 -0.012870789
-76.25018 -76.23929 -0.010894775
-76.25041 -76.2396 -0.010810852
-76.2502 -76.239456 -0.0107421875
-76.25008 -76.232376 -0.017700195
-76.25008 -76.239006 -0.011070251
-76.25054 -76.23935 -0.011192322
-76.2505 -76.23828 -0.01222229
-76.250084 -76.23728 -0.012802124
-76.25029 -76.23949 -0.010803223
-76.2505 -76.2391 -0.011405945
-76.25045 -76.240074 -0.010375977
-76.25037 -76.239586 -0.0107803345
-76.24997 -76.238 -0.01197052
-76.25029 -76.239395 -0.010894775
-76.25052 -76.233765 -0.01675415
-76.250244 -76.23837 -0.011871338
-76.25015 -76.23983 -0.010322571
-76.25017 -76.23886 -0.011306763
-76.25043 -76.23991 -0.010520935
-76.250145 -76.238365 -0.011779785
-76.25004 -76.23911 -0.010925293
-76.250374 -76.23957 -0.010803223
-76.250244 -76.23898 -0.011260986
-76.24974 -76.23477 -0.014968872
-76.25018 -76.2388 -0.011383057
-76.25031 -76.237946 -0.012367249
-76.250275 -76.239334 -0.010940552
-76.25011 -76.239174 -0.010932922
-76.25032 -76.237495 -0.012825012
-76.25035 -76.23354 -0.016807556
-76.250305 -76.23957 -0.010734558
-76.25032 -76.238625 -0.011695862
-76.25029 -76.239044 -0.011245728
-76.25046 -76.239586 -0.010871887
-76.24989 -76.23711 -0.012786865
-76.25034 -76.23713 -0.013214111
-76.25022 -76.24002 -0.0102005005
-76.250404 -76.23865 -0.011756897
-76.250305 -76.23888 -0.011428833
-76.25005 -76.23856 -0.011489868
-76.25005 -76.23709 -0.012962341
-76.25026 -76.23975 -0.010505676
-76.25043 -76.239876 -0.010551453
-76.25046 -76.23787 -0.012588501
-76.25027 -76.23874 -0.011528015
-76.25044 -76.23952 -0.010925293
-76.25023 -76.23698 -0.013252258
-76.25072 -76.23319 -0.01752472
-76.250435 -76.23839 -0.012046814
-76.25041 -76.239815 -0.010597229
-76.25049 -76.23978 -0.01071167
-76.25027 -76.23943 -0.01083374
-76.250336 -76.24009 -0.010246277
-76.25012 -76.237305 -0.012817383
-76.25049 -76.23949 -0.011001587
-76.25062 -76.23895 -0.011665344
-76.25028 -76.23976 -0.010520935
-76.25041 -76.23888 -0.0115356445
-76.25026 -76.240105 -0.010154724
-76.25021 -76.235954 -0.014259338
-76.25024 -76.23873 -0.011505127
-76.25038 -76.2389 -0.011482239
-76.25016 -76.23944 -0.010719299
-76.25053 -76.23901 -0.011512756
-76.25053 -76.239555 -0.010971069
-76.25055 -76.236465 -0.014083862
-76.2501 -76.23906 -0.011039734
-76.250114 -76.23963 -0.010482788
-76.25067 -76.23865 -0.012023926
-76.25035 -76.23944 -0.010910034
-76.25042 -76.23925 -0.011169434
-76.25023 -76.23912 -0.011108398
-76.24995 -76.23825 -0.011695862
-76.2502 -76.236374 -0.013824463
-76.25023 -76.23978 -0.0104522705
-76.25032 -76.23708 -0.0132369995
-76.25023 -76.240005 -0.010223389
-76.25026 -76.23895 -0.011306763
-76.2504 -76.2399 -0.010498047
-76.25028 -76.24016 -0.010124207
-76.25037 -76.23809 -0.012275696
-76.250275 -76.23971 -0.010566711
-76.25058 -76.238205 -0.012374878
-76.25032 -76.23892 -0.011398315
-76.25035 -76.239296 -0.011054993
-76.25024 -76.23849 -0.011749268
-76.250305 -76.239944 -0.010360718
-76.25057 -76.23765 -0.012924194
-76.25008 -76.2393 -0.010772705
-76.250275 -76.23887 -0.011405945
-76.25014 -76.23843 -0.011711121
-76.250565 -76.23918 -0.011383057
-76.25026 -76.23897 -0.011291504
-76.25018 -76.23967 -0.010513306
-76.25035 -76.239815 -0.010536194
-76.25017 -76.2389 -0.011268616
-76.25041 -76.23917 -0.011245728
-76.25041 -76.24004 -0.010368347
-76.25041 -76.23942 -0.0109939575
-76.25015 -76.23902 -0.011131287
-76.25026 -76.23973 -0.010528564
-76.24997 -76.238235 -0.011734009
-76.25015 -76.239 -0.011154175
-76.24997 -76.23643 -0.013542175
-76.25036 -76.23629 -0.0140686035
-76.25022 -76.23945 -0.010772705
-76.24992 -76.237946 -0.011978149
-76.25039 -76.23947 -0.010917664
-76.2504 -76.23953 -0.010864258
-76.25047 -76.23977 -0.0107040405
-76.25047 -76.236534 -0.013938904
-76.25058 -76.23882 -0.011756897
-76.25008 -76.23874 -0.01133728
-76.25023 -76.23941 -0.010818481
-76.250206 -76.238106 -0.01210022
-76.25011 -76.23812 -0.011985779
-76.25006 -76.237686 -0.012374878
-76.249954 -76.236946 -0.013008118
-76.24976 -76.23583 -0.013931274
-76.24982 -76.23672 -0.01309967
-76.250275 -76.24004 -0.010231018
-76.25041 -76.23958 -0.01083374
-76.25079 -76.23653 -0.014266968
-76.2504 -76.23938 -0.011016846
-76.25025 -76.23555 -0.014701843
-76.2504 -76.23983 -0.010566711
-76.25003 -76.237495 -0.012535095
-76.25004 -76.23775 -0.012290955
-76.250015 -76.23815 -0.0118637085
-76.25041 -76.23958 -0.01083374
-76.25009 -76.23952 -0.010574341
-76.2503 -76.23951 -0.010787964
-76.25018 -76.23753 -0.012649536
-76.25004 -76.2367 -0.013336182
-76.250565 -76.23945 -0.011116028
-76.250084 -76.23774 -0.01234436
-76.25007 -76.2367 -0.013366699
-76.24991 -76.23732 -0.012588501
-76.25011 -76.23933 -0.0107803345
-76.2502 -76.23865 -0.011550903
-76.250084 -76.23835 -0.011734009
-76.25036 -76.23899 -0.011367798
-76.25064 -76.23817 -0.01247406
-76.25026 -76.23962 -0.010643005
-76.250244 -76.239525 -0.010719299
-76.24979 -76.23626 -0.0135269165
-76.250206 -76.23852 -0.011688232
-76.24998 -76.235214 -0.014762878
-76.25053 -76.23922 -0.011306763
-76.25006 -76.23665 -0.013412476
-76.25024 -76.239 -0.011238098
-76.250175 -76.23926 -0.010917664
-76.25018 -76.23954 -0.010643005
-76.25023 -76.239265 -0.01096344
-76.25037 -76.239044 -0.0113220215
-76.25035 -76.23901 -0.01133728
-76.24994 -76.2365 -0.013435364
-76.25015 -76.23905 -0.011100769
-76.2504 -76.24003 -0.010368347
-76.250305 -76.239975 -0.0103302
-76.25008 -76.23802 -0.012054443
-76.25035 -76.23945 -0.010902405
-76.250305 -76.240074 -0.010231018
-76.25052 -76.23939 -0.011131287
-76.250275 -76.239815 -0.0104599
-76.250244 -76.2399 -0.010345459
-76.25025 -76.23929 -0.01096344
-76.25017 -76.23895 -0.01121521
-76.250275 -76.239685 -0.0105896
-76.25006 -76.23725 -0.012809753
-76.24993 -76.236206 -0.013725281
-76.24983 -76.237236 -0.01259613
-76.250244 -76.23805 -0.012191772
-76.2505 -76.23715 -0.01335144
-76.25024 -76.239624 -0.010612488
-76.25058 -76.238525 -0.012054443
-76.25058 -76.23819 -0.012390137
-76.249825 -76.236984 -0.012840271
-76.250275 -76.239914 -0.010360718
-76.25043 -76.23926 -0.011169434
-76.250534 -76.23809 -0.0124435425
-76.2504 -76.238655 -0.011741638
-76.25037 -76.23842 -0.011947632
-76.25 -76.238106 -0.011894226
-76.26194 -76.231544 -0.030395508
-76.25026 -76.23956 -0.010696411
-76.25052 -76.2388 -0.01171875
-76.25028 -76.23849 -0.011795044
-76.24992 -76.23736 -0.012565613
-76.24997 -76.23838 -0.01158905
-76.25037 -76.24011 -0.010253906
-76.250084 -76.237305 -0.012779236
-76.250565 -76.23864 -0.011924744
-76.25023 -76.23762 -0.012611389
-76.25015 -76.23983 -0.010322571
-76.25033 -76.23977 -0.010559082
-76.24981 -76.236176 -0.013633728
-76.25018 -76.23657 -0.01361084
-76.250244 -76.23916 -0.01108551
-76.250336 -76.23651 -0.013824463
-76.25038 -76.2355 -0.014884949
-76.25061 -76.23867 -0.011940002
-76.25011 -76.235855 -0.014251709
-76.25046 -76.238655 -0.011802673
-76.25018 -76.238945 -0.011238098
-76.25032 -76.23992 -0.010398865
-76.25041 -76.239555 -0.010856628
-76.25033 -76.23936 -0.010971069
-76.250275 -76.23669 -0.013587952
-76.25039 -76.24001 -0.010375977
-76.250404 -76.2389 -0.011505127
-76.25009 -76.238976 -0.011116028
-76.24977 -76.235 -0.014770508
-76.250145 -76.239204 -0.010940552
-76.25038 -76.23999 -0.010391235
-76.2504 -76.2389 -0.011497498
-76.2501 -76.23867 -0.011428833
-76.25076 -76.23334 -0.017425537
-76.25023 -76.23978 -0.0104522705
-76.25037 -76.24015 -0.010215759
-76.25014 -76.23936 -0.0107803345
-76.25008 -76.23749 -0.012588501
-76.250175 -76.2395 -0.010673523
-76.25035 -76.23937 -0.010978699
-76.2504 -76.23892 -0.011474609
-76.250336 -76.24021 -0.010124207
-76.25055 -76.23923 -0.0113220215
-76.25072 -76.237206 -0.013511658
-76.25032 -76.23907 -0.011253357
-76.25023 -76.23839 -0.01184082
-76.2505 -76.23896 -0.011543274
-76.25018 -76.23774 -0.0124435425
-76.250305 -76.23993 -0.010375977
-76.24989 -76.23742 -0.01247406
-76.250244 -76.238396 -0.01184845
-76.25005 -76.23911 -0.010940552
-76.250305 -76.24003 -0.010276794
-76.250435 -76.23983 -0.010604858
-76.2503 -76.240166 -0.010131836
-76.25028 -76.238205 -0.012077332
-76.25007 -76.2386 -0.01146698
-76.25029 -76.239845 -0.010444641
-76.25054 -76.23866 -0.011878967
-76.250435 -76.239586 -0.010848999
-76.25007 -76.23893 -0.011138916
-76.25806 -76.23237 -0.025688171
-76.250565 -76.23836 -0.012207031
-76.25015 -76.237976 -0.012176514
-76.25033 -76.23775 -0.012580872
-76.25049 -76.23963 -0.010856628
-76.250275 -76.238914 -0.011360168
-76.250275 -76.24017 -0.010101318
-76.24996 -76.23415 -0.015808105
-76.25012 -76.2388 -0.0113220215
-76.249886 -76.23714 -0.012748718
-76.250046 -76.23767 -0.012374878
-76.25047 -76.23803 -0.0124435425
-76.25024 -76.23999 -0.010246277
-76.25011 -76.23792 -0.012184143
-76.249954 -76.237404 -0.012550354
-76.25061 -76.238075 -0.012535095
-76.2502 -76.23994 -0.010261536
-76.25021 -76.235016 -0.015197754
-76.2504 -76.23921 -0.011184692
-76.25032 -76.23884 -0.011482239
-76.25043 -76.23891 -0.011520386
-76.250534 -76.23821 -0.012321472
-76.25008 -76.23917 -0.010910034
-76.25001 -76.23795 -0.012054443
-76.25014 -76.23958 -0.010559082
-76.25006 -76.23829 -0.011772156
-76.250305 -76.24004 -0.010261536
-76.2505 -76.23963 -0.010871887
-76.24994 -76.23668 -0.013259888
-76.25015 -76.23791 -0.012245178
-76.25042 -76.23508 -0.015342712
-76.25015 -76.23703 -0.013122559
-76.25037 -76.239334 -0.0110321045
-76.25013 -76.239265 -0.010864258
-76.25058 -76.23901 -0.011566162
-76.25049 -76.23945 -0.011039734
-76.25061 -76.236694 -0.013916016
-76.25019 -76.23986 -0.0103302
-76.25058 -76.237015 -0.0135650635
-76.2502 -76.2389 -0.011299133
-76.25049 -76.23735 -0.013137817
-76.250244 -76.23746 -0.012786865
-76.24992 -76.235565 -0.0143585205
-76.250275 -76.239395 -0.010879517
-76.25075 -76.235954 -0.014793396
-76.24989 -76.232124 -0.01776886
-76.250435 -76.237625 -0.012809753
-76.25035 -76.240036 -0.010314941
-76.25022 -76.23998 -0.010238647
-76.250565 -76.239105 -0.011459351
-76.2501 -76.23893 -0.011169434
-76.25019 -76.23997 -0.010223389
-76.25008 -76.23918 -0.010894775
-76.250336 -76.240005 -0.0103302
-76.25061 -76.237595 -0.013015747
-76.25029 -76.237526 -0.012763977
-76.24997 -76.23792 -0.012046814
-76.25054 -76.23877 -0.011772156
-76.25011 -76.23934 -0.010765076
-76.25037 -76.239876 -0.0104904175
-76.25053 -76.23957 -0.010955811
-76.24994 -76.23802 -0.011917114
-76.249916 -76.23643 -0.0134887695
-76.25011 -76.23896 -0.011146545
-76.25017 -76.23368 -0.016487122
-76.25053 -76.237175 -0.01335144
-76.250046 -76.23881 -0.011238098
-76.25015 -76.23901 -0.011138916
-76.25034 -76.2394 -0.010940552
-76.25 -76.2386 -0.011398315
-76.24974 -76.23579 -0.013954163
-76.250046 -76.23876 -0.0112838745
-76.250114 -76.238525 -0.01158905
-76.24999 -76.23755 -0.0124435425
-76.25046 -76.23825 -0.012207031
-76.25026 -76.23995 -0.010307312
-76.25009 -76.23907 -0.011024475
-76.24978 -76.23577 -0.014007568
-76.24994 -76.23819 -0.011749268
-76.25012 -76.239525 -0.010597229
-76.25038 -76.23952 -0.010864258
-76.25018 -76.23561 -0.014572144
-76.25006 -76.239136 -0.010925293
-76.250565 -76.2392 -0.011367798
-76.25021 -76.23772 -0.012496948
-76.24986 -76.236244 -0.013618469
-76.250244 -76.23969 -0.010551453
-76.2502 -76.23954 -0.010658264
-76.24986 -76.23753 -0.012329102
-76.25006 -76.2389 -0.011161804
-76.25044 -76.23905 -0.011390686
-76.25011 -76.23876 -0.01134491
-76.250275 -76.23589 -0.014381409
-76.25049 -76.23835 -0.012138367
-76.25052 -76.23946 -0.011054993
-76.2502 -76.23964 -0.010559082
-76.25004 -76.2384 -0.011634827
-76.25041 -76.24002 -0.010391235
-76.250046 -76.238106 -0.011940002
-76.25018 -76.2377 -0.012481689
-76.25017 -76.23925 -0.010917664
-76.250336 -76.240234 -0.010101318
-76.25034 -76.239 -0.01134491
-76.250496 -76.23952 -0.010978699
-76.249954 -76.2378 -0.0121536255
-76.25015 -76.23827 -0.011878967
-76.25049 -76.23811 -0.012374878
-76.25012 -76.23966 -0.0104599
-76.25041 -76.23899 -0.011421204
-76.25023 -76.23962 -0.010612488
-76.250496 -76.2395 -0.0109939575
-76.249954 -76.23667 -0.013282776
-76.25037 -76.23906 -0.011306763
-76.25052 -76.23965 -0.010871887
-76.250595 -76.23838 -0.012214661
-76.25 -76.23847 -0.011528015
-76.25006 -76.23652 -0.013542175
-76.2499 -76.236595 -0.013305664
-76.249886 -76.23433 -0.015556335
-76.25016 -76.23893 -0.011230469
-76.250626 -76.23626 -0.01436615
-76.2505 -76.23946 -0.011039734
-76.25075 -76.23733 -0.013420105
-76.250244 -76.23938 -0.010864258
-76.25038 -76.24014 -0.010238647
-76.25025 -76.23878 -0.011474609
-76.24996 -76.23809 -0.011871338
-76.25028 -76.24019 -0.010093689
-76.250626 -76.23609 -0.014533997
-76.25043 -76.237976 -0.012451172
-76.249985 -76.23819 -0.011795044
-76.25032 -76.239845 -0.010475159
-76.25015 -76.23892 -0.011230469
-76.250534 -76.23705 -0.01348114
-76.25054 -76.23916 -0.011383057
-76.25028 -76.23977 -0.010513306
-76.25005 -76.23817 -0.011886597
-76.25049 -76.23698 -0.013511658
-76.25034 -76.24013 -0.010215759
-76.25042 -76.23705 -0.013366699
-76.2504 -76.235695 -0.014701843
-76.25048 -76.23756 -0.012924194
-76.25011 -76.23905 -0.011054993
-76.2504 -76.23991 -0.0104904175
-76.25064 -76.23737 -0.013267517
-76.25009 -76.23947 -0.010620117
-76.25021 -76.238235 -0.011978149
-76.24997 -76.23851 -0.011459351
-76.250404 -76.23989 -0.010513306
-76.250145 -76.23949 -0.010658264
-76.24986 -76.23734 -0.012519836
-76.25043 -76.23661 -0.0138168335
-76.25031 -76.24004 -0.010269165
-76.25029 -76.2396 -0.010688782
-76.250435 -76.23751 -0.012924194
-76.24992 -76.231705 -0.018218994
-76.25052 -76.233795 -0.016723633
-76.25 -76.238 -0.012001038
-76.25041 -76.2401 -0.010314941
-76.250244 -76.24011 -0.010131836
-76.25008 -76.238716 -0.011360168
-76.25018 -76.23943 -0.010749817
-76.25061 -76.23716 -0.013450623
-76.25026 -76.239174 -0.01108551
-76.25051 -76.23959 -0.010917664
-76.25011 -76.239365 -0.0107421875
-76.25043 -76.239815 -0.010612488
-76.25037 -76.239876 -0.0104904175
-76.250595 -76.23074 -0.019851685
-76.25028 -76.23898 -0.011299133
-76.25013 -76.23596 -0.014167786
-76.250175 -76.23946 -0.01071167
-76.25046 -76.23939 -0.011070251
-76.25013 -76.238 -0.012130737
-76.25029 -76.23925 -0.011039734
-76.25052 -76.23925 -0.011268616
-76.250336 -76.240234 -0.010101318
-76.2505 -76.238174 -0.012329102
-76.25016 -76.23886 -0.011299133
-76.2504 -76.23996 -0.010437012
-76.250374 -76.239586 -0.010787964
-76.249954 -76.23834 -0.0116119385
-76.25035 -76.239655 -0.010696411
-76.25046 -76.23994 -0.010520935
-76.25037 -76.23913 -0.011238098
-76.250374 -76.24004 -0.0103302
-76.250305 -76.239716 -0.0105896
-76.25031 -76.24016 -0.010154724
-76.24995 -76.2375 -0.0124435425
-76.25048 -76.23911 -0.011367798
-76.25054 -76.239174 -0.011367798
-76.25018 -76.239204 -0.010978699
-76.250015 -76.23889 -0.011123657
-76.25037 -76.238716 -0.011650085
-76.25023 -76.23931 -0.010917664
-76.25027 -76.23759 -0.012680054
-76.25034 -76.240135 -0.01020813
-76.250275 -76.239746 -0.010528564
-76.25027 -76.2391 -0.011169434
-76.25013 -76.23935 -0.0107803345
-76.25038 -76.24021 -0.010169983
-76.250244 -76.23944 -0.010803223
-76.25029 -76.23791 -0.012382507
-76.250336 -76.239296 -0.011039734
-76.25053 -76.23709 -0.013435364
-76.25018 -76.23748 -0.012702942
-76.250175 -76.23805 -0.012123108
-76.25009 -76.23589 -0.014198303
-76.250565 -76.239235 -0.011329651
-76.25035 -76.239716 -0.010635376
-76.250206 -76.239784 -0.010421753
-76.25021 -76.239944 -0.010269165
-76.2498 -76.23218 -0.017623901
-76.25046 -76.24009 -0.010368347
-76.25032 -76.23957 -0.010749817
-76.25042 -76.23977 -0.010650635
-76.25015 -76.23892 -0.011230469
-76.25014 -76.23961 -0.010528564
-76.25017 -76.239845 -0.010322571
-76.25013 -76.239525 -0.010604858
-76.25012 -76.2341 -0.016021729
-76.25041 -76.239334 -0.011077881
-76.25017 -76.23951 -0.010658264
-76.2505 -76.23808 -0.012420654
-76.25038 -76.23986 -0.010520935
-76.249954 -76.23842 -0.0115356445
-76.2504 -76.23762 -0.012779236
-76.24997 -76.23704 -0.012931824
-76.25021 -76.2377 -0.012512207
-76.25038 -76.23971 -0.010673523
-76.25041 -76.23959 -0.010818481
-76.25 -76.238075 -0.011924744
-76.25062 -76.23833 -0.012290955
-76.25009 -76.23861 -0.011482239
-76.25035 -76.23909 -0.011260986
-76.250336 -76.23885 -0.011482239
-76.25058 -76.238785 -0.011795044
-76.250275 -76.23904 -0.011238098
-76.25002 -76.23794 -0.012084961
-76.250206 -76.2394 -0.010803223
-76.25052 -76.23872 -0.011795044
-76.25029 -76.23983 -0.0104599
-76.250404 -76.23862 -0.011787415
-76.25046 -76.23666 -0.013801575
-76.25026 -76.23894 -0.0113220215
-76.25038 -76.23947 -0.010910034
-76.25037 -76.23987 -0.010498047
-76.25017 -76.239296 -0.010871887
-76.25039 -76.22961 -0.02078247
-76.25044 -76.239426 -0.011016846
-76.25046 -76.23918 -0.011276245
-76.2502 -76.23968 -0.010520935
-76.24997 -76.2382 -0.011772156
-76.250404 -76.23994 -0.010467529
-76.25021 -76.237625 -0.012588501
-76.25034 -76.23968 -0.010665894
-76.25042 -76.24011 -0.010307312
-76.250015 -76.238594 -0.011421204
-76.25047 -76.23724 -0.01322937
-76.25035 -76.23948 -0.010871887
-76.250404 -76.2392 -0.011207581
-76.25021 -76.23972 -0.0104904175
-76.25029 -76.23872 -0.011566162
-76.25035 -76.23684 -0.013511658
-76.250374 -76.24025 -0.010124207
-76.250305 -76.237724 -0.012580872
-76.25045 -76.23998 -0.010467529
-76.25009 -76.236145 -0.013946533
-76.25014 -76.23947 -0.010665894
-76.24994 -76.2378 -0.012138367
-76.250565 -76.237755 -0.012809753
-76.25066 -76.23634 -0.014320374
-76.250275 -76.2395 -0.010772705
-76.25035 -76.23935 -0.011001587
-76.25037 -76.23747 -0.012893677
-76.250595 -76.2376 -0.012992859
-76.250206 -76.23952 -0.010688782
-76.25031 -76.240074 -0.010238647
-76.25037 -76.2396 -0.010765076
-76.250374 -76.23813 -0.012245178
-76.25041 -76.23812 -0.012290955
-76.25015 -76.239 -0.011154175
-76.25046 -76.23856 -0.011894226
-76.250145 -76.23696 -0.013183594
-76.250275 -76.239655 -0.010620117
-76.25041 -76.24005 -0.010360718
-76.25051 -76.2354 -0.015113831
-76.250244 -76.23932 -0.010925293
-76.2502 -76.23796 -0.012237549
-76.2502 -76.23962 -0.01058197
-76.25052 -76.23856 -0.011955261
-76.250626 -76.23881 -0.011817932
-76.25018 -76.23804 -0.012145996
-76.25055 -76.23935 -0.011199951
-76.25022 -76.238525 -0.011695862
-76.250595 -76.23648 -0.01411438
-76.250336 -76.239975 -0.010360718
-76.25024 -76.237816 -0.012420654
-76.250336 -76.23832 -0.012016296
-76.250496 -76.23932 -0.011177063
-76.25032 -76.24015 -0.010169983
-76.25021 -76.2397 -0.010513306
-76.25028 -76.23995 -0.0103302
-76.24979 -76.236465 -0.013320923
-76.24994 -76.23756 -0.012382507
-76.25064 -76.2377 -0.012939453
-76.25029 -76.24013 -0.0101623535
-76.24989 -76.23656 -0.013336182
-76.25023 -76.23891 -0.0113220215
-76.25042 -76.23846 -0.011962891
-76.25041 -76.239784 -0.010627747
-76.25017 -76.239624 -0.010543823
-76.25016 -76.23895 -0.011207581
-76.25018 -76.238014 -0.012168884
-76.25027 -76.23945 -0.010818481
-76.25012 -76.23916 -0.01096344
-76.25032 -76.23921 -0.011108398
-76.24999 -76.238205 -0.011787415
-76.2504 -76.24013 -0.010269165
-76.25067 -76.23859 -0.012084961
-76.25006 -76.23899 -0.011070251
-76.2502 -76.239975 -0.010223389
-76.25017 -76.2391 -0.011070251
-76.2502 -76.23849 -0.011711121
-76.25043 -76.23906 -0.011367798
-76.25003 -76.238304 -0.011726379
-76.250305 -76.236946 -0.01335907
-76.25016 -76.238716 -0.011444092
-76.25027 -76.24012 -0.010147095
-76.25033 -76.23974 -0.0105896
-76.24986 -76.2367 -0.013160706
-76.250275 -76.239914 -0.010360718
-76.25015 -76.23602 -0.014129639
-76.25035 -76.238884 -0.01146698
-76.25052 -76.23968 -0.01084137
-76.25043 -76.239944 -0.010482788
-76.25016 -76.23526 -0.0149002075
-76.25026 -76.23841 -0.01184845
-76.25036 -76.239845 -0.010513306
-76.250656 -76.238075 -0.012580872
-76.2499 -76.23785 -0.012054443
-76.25037 -76.238075 -0.012290955
-76.25038 -76.23785 -0.012535095
-76.25037 -76.23855 -0.011817932
-76.250565 -76.23746 -0.0131073
-76.25032 -76.2394 -0.010917664
-76.24991 -76.23769 -0.012214661
-76.25019 -76.23874 -0.011451721
-76.25009 -76.23886 -0.011230469
-76.25046 -76.23954 -0.010917664
-76.25018 -76.238464 -0.01171875
-76.250015 -76.23322 -0.016792297
-76.25032 -76.23726 -0.013061523
-76.25026 -76.2388 -0.011459351
-76.25008 -76.23851 -0.011566162
-76.25047 -76.23939 -0.01108551
-76.25021 -76.23648 -0.01373291
-76.250305 -76.24018 -0.010124207
-76.25 -76.23549 -0.014511108
-76.25002 -76.23856 -0.011459351
-76.250305 -76.2393 -0.011001587
-76.2503 -76.23934 -0.010955811
-76.25015 -76.23732 -0.012832642
-76.25029 -76.239784 -0.010505676
-76.25019 -76.23868 -0.011512756
-76.25019 -76.23709 -0.01309967
-76.250244 -76.237305 -0.012939453
-76.25011 -76.23923 -0.010879517
-76.25052 -76.238716 -0.011802673
-76.25027 -76.23795 -0.012313843
-76.25058 -76.23923 -0.011352539
-76.250595 -76.23892 -0.011672974
-76.25044 -76.2393 -0.011138916
-76.25049 -76.239365 -0.011123657
-76.25042 -76.2395 -0.010917664
-76.25032 -76.240166 -0.010154724
-76.25065 -76.238655 -0.011993408
-76.25005 -76.239265 -0.010787964
-76.24995 -76.23822 -0.011726379
-76.250336 -76.238594 -0.011741638
-76.24997 -76.23834 -0.011627197
-76.24996 -76.238464 -0.011497498
-76.2504 -76.23978 -0.010620117
-76.24997 -76.238106 -0.0118637085
-76.250015 -76.23849 -0.011528015
-76.25015 -76.239174 -0.010978699
-76.25058 -76.23807 -0.012512207
-76.250336 -76.23941 -0.010925293
-76.25035 -76.23951 -0.01084137
-76.25011 -76.23919 -0.010917664
-76.25035 -76.240234 -0.010116577
-76.249954 -76.23838 -0.0115737915
-76.25037 -76.23988 -0.010482788
-76.25032 -76.24018 -0.010139465
-76.2505 -76.23939 -0.011116028
-76.25044 -76.23943 -0.011009216
-76.25001 -76.23642 -0.013587952
-76.25015 -76.23903 -0.011123657
-76.25035 -76.237816 -0.012535095
-76.2503 -76.23964 -0.010658264
-76.25066 -76.236465 -0.014198303
-76.2504 -76.23903 -0.011367798
-76.250496 -76.239456 -0.011039734
-76.250275 -76.23989 -0.010383606
-76.25013 -76.23966 -0.010467529
-76.24982 -76.236626 -0.013191223
-76.25009 -76.23892 -0.011169434
-76.2504 -76.23683 -0.0135650635
-76.25044 -76.239944 -0.010498047
-76.25018 -76.2373 -0.012886047
-76.25018 -76.239 -0.011184692
-76.25011 -76.23833 -0.011779785
-76.25055 -76.23891 -0.011642456
-76.25018 -76.23824 -0.011940002
-76.24983 -76.23617 -0.013664246
-76.250565 -76.238945 -0.011619568
-76.25004 -76.237076 -0.012962341
-76.25023 -76.23993 -0.010299683
-76.25069 -76.238335 -0.01235199
-76.25015 -76.23896 -0.011192322
-76.25041 -76.239914 -0.010498047
-76.25032 -76.23896 -0.011360168
-76.250275 -76.23988 -0.010391235
-76.25043 -76.23853 -0.011894226
-76.25036 -76.2399 -0.0104599
-76.2498 -76.234566 -0.015235901
-76.25038 -76.234604 -0.015777588
-76.250336 -76.23887 -0.01146698
-76.25014 -76.23725 -0.012886047
-76.25022 -76.23954 -0.010681152
-76.250336 -76.239876 -0.0104599
-76.25049 -76.23993 -0.010559082
-76.25047 -76.23954 -0.010932922
-76.25011 -76.23915 -0.010955811
-76.25033 -76.23994 -0.010391235
-76.25044 -76.23951 -0.010932922
-76.25035 -76.23659 -0.013763428
-76.2501 -76.2377 -0.012397766
-76.25023 -76.23687 -0.01335907
-76.25058 -76.23866 -0.011917114
-76.25009 -76.237366 -0.01272583
-76.25006 -76.23532 -0.01473999
-76.24988 -76.23558 -0.014297485
-76.25041 -76.23817 -0.012245178
-76.24986 -76.23607 -0.013793945
-76.25029 -76.23944 -0.010848999
-76.25031 -76.23879 -0.011520386
-76.2504 -76.23996 -0.010437012
-76.25021 -76.23925 -0.01096344
-76.250244 -76.23921 -0.0110321045
-76.25044 -76.23912 -0.0113220215
-76.2503 -76.23787 -0.012428284
-76.250565 -76.23892 -0.011642456
-76.25049 -76.23986 -0.010627747
-76.25014 -76.239456 -0.010681152
-76.249825 -76.236206 -0.013618469
-76.250046 -76.23626 -0.013786316
-76.25059 -76.239365 -0.011222839
-76.25014 -76.23922 -0.010917664
-76.25047 -76.23844 -0.012031555
-76.25034 -76.23614 -0.014205933
-76.25009 -76.238945 -0.011146545
-76.250404 -76.24003 -0.010375977
-76.25064 -76.23809 -0.012550354
-76.25021 -76.2392 -0.011016846
-76.25003 -76.238396 -0.011634827
-76.25025 -76.24014 -0.010108948
-76.25024 -76.23867 -0.011566162
-76.25018 -76.2399 -0.010284424
-76.25044 -76.23894 -0.011505127
-76.24974 -76.23402 -0.015724182
-76.25041 -76.23979 -0.010620117
-76.25026 -76.23933 -0.010932922
-76.25057 -76.2392 -0.011375427
-76.25019 -76.23866 -0.011528015
-76.25005 -76.23556 -0.01449585
-76.2504 -76.23984 -0.010559082
-76.25034 -76.239876 -0.010467529
-76.25018 -76.2394 -0.0107803345
-76.25029 -76.23912 -0.011169434
-76.2499 -76.23439 -0.015510559
-76.250145 -76.23856 -0.011581421
-76.25066 -76.23836 -0.012306213
-76.250175 -76.23986 -0.010314941
-76.2502 -76.23989 -0.010307312
-76.25047 -76.23859 -0.011886597
-76.25064 -76.23816 -0.012481689
-76.24983 -76.23675 -0.013084412
-76.25053 -76.23896 -0.011566162
-76.25037 -76.23795 -0.012413025
-76.249954 -76.237976 -0.011978149
-76.25043 -76.23707 -0.01335907
-76.25028 -76.23788 -0.0124053955
-76.2503 -76.237656 -0.012641907
-76.2502 -76.239296 -0.010902405
-76.250244 -76.238846 -0.011398315
-76.25009 -76.23489 -0.015197754
-76.250084 -76.237816 -0.012268066
-76.250336 -76.23905 -0.0112838745
-76.250275 -76.239655 -0.010620117
-76.250206 -76.23942 -0.010787964
-76.25048 -76.23904 -0.011444092
-76.250404 -76.23965 -0.010757446
-76.25055 -76.23936 -0.011192322
-76.25018 -76.23887 -0.011314392
-76.249985 -76.23761 -0.012374878
-76.25048 -76.2392 -0.0112838745
-76.25039 -76.24013 -0.010261536
-76.25029 -76.2397 -0.0105896
-76.25029 -76.239555 -0.010734558
-76.2502 -76.23845 -0.011749268
-76.25032 -76.238464 -0.011856079
-76.25054 -76.23943 -0.011108398
-76.250046 -76.237656 -0.012390137
-76.25037 -76.2392 -0.011169434
-76.250046 -76.236404 -0.013641357
-76.25061 -76.239044 -0.011566162
-76.25032 -76.239716 -0.010604858
-76.24997 -76.23802 -0.011947632
-76.250404 -76.236206 -0.014198303
-76.24997 -76.23766 -0.012306213
-76.24994 -76.23821 -0.011726379
-76.25004 -76.23691 -0.013130188
-76.25032 -76.24001 -0.010307312
-76.24982 -76.23686 -0.012954712
-76.25035 -76.23894 -0.011413574
-76.250175 -76.23805 -0.012123108
-76.24994 -76.23743 -0.012512207
-76.2505 -76.23892 -0.011581421
-76.25032 -76.23652 -0.013801575
-76.2501 -76.238785 -0.011314392
-76.25041 -76.23961 -0.010803223
-76.25029 -76.23989 -0.010398865
-76.25043 -76.24015 -0.010276794
-76.2505 -76.23958 -0.010925293
-76.24977 -76.23615 -0.013618469
-76.25031 -76.23864 -0.011672974
-76.25026 -76.24015 -0.010108948
-76.25029 -76.239456 -0.01083374
-76.25027 -76.23992 -0.010345459
-76.25026 -76.239494 -0.010765076
-76.25003 -76.23856 -0.01146698
-76.25015 -76.23753 -0.012619019
-76.2505 -76.23954 -0.01096344
-76.25006 -76.23765 -0.012413025
-76.25052 -76.23842 -0.01210022
-76.25037 -76.240204 -0.0101623535
-76.25047 -76.23986 -0.010612488
-76.250244 -76.23971 -0.010536194
-76.24999 -76.238594 -0.011398315
-76.25069 -76.2373 -0.013389587
-76.24994 -76.237434 -0.012504578
-76.25017 -76.23896 -0.011207581
-76.25035 -76.23946 -0.010887146
-76.25011 -76.23894 -0.011169434
-76.25001 -76.23715 -0.01285553
-76.250336 -76.23935 -0.010986328
-76.25017 -76.23845 -0.01171875
-76.25018 -76.23935 -0.01083374
-76.25033 -76.23893 -0.011398315
-76.25018 -76.23965 -0.010536194
-76.2504 -76.23781 -0.012588501
-76.25009 -76.23914 -0.010948181
-76.25042 -76.23968 -0.0107421875
-76.250496 -76.23895 -0.011543274
-76.250244 -76.23982 -0.010421753
-76.25038 -76.23985 -0.010528564
-76.25026 -76.239044 -0.01121521
-76.25029 -76.23889 -0.011398315
-76.2504 -76.236916 -0.01348114
-76.24992 -76.23643 -0.013496399
-76.25058 -76.23942 -0.011161804
-76.25046 -76.239494 -0.01096344
-76.25062 -76.23795 -0.012664795
-76.25029 -76.23944 -0.010848999
-76.25021 -76.23917 -0.011047363
-76.2503 -76.2374 -0.012901306
-76.25029 -76.239075 -0.01121521
-76.250046 -76.23783 -0.012214661
-76.25024 -76.23838 -0.011856079
-76.25041 -76.23869 -0.01171875
-76.25022 -76.23971 -0.010513306
-76.24992 -76.23506 -0.014862061
-76.25022 -76.236404 -0.0138168335
-76.25034 -76.23864 -0.011703491
-76.2503 -76.23578 -0.014518738
-76.25012 -76.237114 -0.013008118
-76.25018 -76.23929 -0.010894775
-76.25036 -76.23875 -0.0116119385
-76.25065 -76.23638 -0.014266968
-76.24989 -76.23772 -0.012176514
-76.25009 -76.23466 -0.015434265
-76.250534 -76.23936 -0.011177063
-76.250534 -76.2387 -0.011833191
-76.250404 -76.23523 -0.015174866
-76.25006 -76.239204 -0.010856628
-76.25032 -76.23999 -0.0103302
-76.25055 -76.23729 -0.013259888
-76.25016 -76.23809 -0.012069702
-76.250336 -76.238884 -0.011451721
-76.25009 -76.237236 -0.01285553
-76.25014 -76.23944 -0.010696411
-76.25047 -76.23994 -0.010536194
-76.25009 -76.2373 -0.012794495
-76.24974 -76.234375 -0.015365601
-76.25002 -76.23845 -0.0115737915
-76.25043 -76.23926 -0.011169434
-76.2503 -76.237854 -0.0124435425
-76.25044 -76.23997 -0.010475159
-76.25043 -76.239426 -0.011001587
-76.2501 -76.23678 -0.013320923
-76.25023 -76.24005 -0.010177612
-76.24995 -76.23571 -0.01423645
-76.25027 -76.23963 -0.010635376
-76.25009 -76.23721 -0.012878418
-76.25028 -76.239075 -0.011207581
-76.25029 -76.24015 -0.010139465
-76.25007 -76.237144 -0.012924194
-76.24984 -76.23672 -0.013122559
-76.2505 -76.238884 -0.011619568
-76.250275 -76.2386 -0.011672974
-76.25007 -76.23779 -0.012275696
-76.250244 -76.23942 -0.010826111
-76.25043 -76.2398 -0.010627747
-76.25084 -76.23562 -0.015220642
-76.250275 -76.239395 -0.010879517
-76.25021 -76.23689 -0.013320923
-76.24986 -76.237144 -0.012718201
-76.250336 -76.23984 -0.010498047
-76.25032 -76.23955 -0.010772705
-76.250465 -76.239586 -0.010879517
-76.249756 -76.23591 -0.013847351
-76.250595 -76.23763 -0.012962341
-76.25045 -76.23991 -0.010543823
-76.250305 -76.23876 -0.011543274
-76.25063 -76.238716 -0.011917114
-76.25046 -76.239136 -0.0113220215
-76.25069 -76.23729 -0.013397217
-76.25022 -76.238686 -0.0115356445
-76.250114 -76.2393 -0.010810852
-76.24997 -76.23785 -0.012123108
-76.25032 -76.237915 -0.0124053955
-76.250626 -76.238716 -0.011909485
-76.250114 -76.23915 -0.01096344
-76.24984 -76.23615 -0.013687134
-76.25006 -76.238655 -0.011405945
-76.250694 -76.23658 -0.01411438
-76.25022 -76.23754 -0.012680054
-76.25081 -76.23485 -0.015960693
-76.24994 -76.23243 -0.01750946
-76.25022 -76.23987 -0.010353088
-76.25019 -76.23836 -0.011833191
-76.24996 -76.23693 -0.013031006
-76.25041 -76.23978 -0.010635376
-76.250084 -76.23932 -0.010765076
-76.25069 -76.2382 -0.012489319
-76.2498 -76.23601 -0.013793945
-76.24991 -76.23663 -0.0132751465
-76.25051 -76.23819 -0.012321472
-76.25044 -76.23893 -0.011512756
MAE Hartree 7.4388409914728255
